<?xml version="1.0" encoding="UTF-8"?>
<!-- Generated by org.testng.reporters.JUnitXMLReporter -->
<testsuite hostname="LAPTOP-1GO1DFJH" ignored="0" name="Test" tests="2" failures="0" timestamp="02 Mar 2017 03:10:06 GMT" time="61.18" errors="0">
  <testcase name="s101SearchForAProductTest" time="0.302" classname="testScripts.s101SearchForAProduct"/>
  <testcase name="s102SearchForProductAndVerifyPLPTest" time="8.991" classname="testScripts.s102SearchForProductAndVerifyPLP"/>
</testsuite> <!-- Test -->
